<?xml version='1.0' encoding='UTF-8'?>
<testsuite hostname="DESKTOP-6BGT00P" name="index.SingleThreadSpec" tests="1" errors="0" failures="1" skipped="0" time="3.832" timestamp="2020-02-15T18:07:45">
                     <properties>
[...]
</properties>
                     <testcase classname="index.SingleThreadSpec" name="index data must be equal to list data" time="3.832">
                                                 <failure type="java.lang.InterruptedException">java.lang.InterruptedException
	at java.base/java.util.concurrent.locks.AbstractQueuedSynchronizer.doAcquireSharedNanos(AbstractQueuedSynchronizer.java:1081)
	at java.base/java.util.concurrent.locks.AbstractQueuedSynchronizer.tryAcquireSharedNanos(AbstractQueuedSynchronizer.java:1369)
	at scala.concurrent.impl.Promise$DefaultPromise.tryAwait0(Promise.scala:205)
	at scala.concurrent.impl.Promise$DefaultPromise.result(Promise.scala:225)
	at scala.concurrent.Await$.$anonfun$result$1(package.scala:201)
	at scala.concurrent.BlockContext$DefaultBlockContext$.blockOn(BlockContext.scala:62)
	at scala.concurrent.Await$.result(package.scala:124)
	at index.SingleThreadSpec.insert$1(SingleThreadSpec.scala:65)
	at index.SingleThreadSpec.$anonfun$new$5(SingleThreadSpec.scala:106)
	at scala.collection.immutable.Range.foreach$mVc$sp(Range.scala:190)
	at index.SingleThreadSpec.$anonfun$new$1(SingleThreadSpec.scala:104)
	at org.scalatest.OutcomeOf.outcomeOf(OutcomeOf.scala:85)
	at org.scalatest.OutcomeOf.outcomeOf$(OutcomeOf.scala:83)
	at org.scalatest.OutcomeOf$.outcomeOf(OutcomeOf.scala:104)
	at org.scalatest.Transformer.apply(Transformer.scala:22)
	at org.scalatest.Transformer.apply(Transformer.scala:20)
	at org.scalatest.flatspec.AnyFlatSpecLike$$anon$5.apply(AnyFlatSpecLike.scala:1683)
	at org.scalatest.TestSuite.withFixture(TestSuite.scala:196)
	at org.scalatest.TestSuite.withFixture$(TestSuite.scala:195)
	at index.SingleThreadSpec.index$Retriable$$super$withFixture(SingleThreadSpec.scala:15)
	at index.Retriable.withFixture(Retriable.scala:15)
	at index.Retriable.withFixture$(Retriable.scala:14)
	at index.SingleThreadSpec.withFixture(SingleThreadSpec.scala:15)
	at index.Retriable.withFixture(Retriable.scala:11)
	at index.Retriable.withFixture$(Retriable.scala:10)
	at index.SingleThreadSpec.withFixture(SingleThreadSpec.scala:15)
	at org.scalatest.flatspec.AnyFlatSpecLike.invokeWithFixture$1(AnyFlatSpecLike.scala:1681)
	at org.scalatest.flatspec.AnyFlatSpecLike.$anonfun$runTest$1(AnyFlatSpecLike.scala:1693)
	at org.scalatest.SuperEngine.runTestImpl(Engine.scala:306)
	at org.scalatest.flatspec.AnyFlatSpecLike.runTest(AnyFlatSpecLike.scala:1693)
	at org.scalatest.flatspec.AnyFlatSpecLike.runTest$(AnyFlatSpecLike.scala:1675)
	at org.scalatest.flatspec.AnyFlatSpec.runTest(AnyFlatSpec.scala:1685)
	at org.scalatest.flatspec.AnyFlatSpecLike.$anonfun$runTests$1(AnyFlatSpecLike.scala:1751)
	at org.scalatest.SuperEngine.$anonfun$runTestsInBranch$1(Engine.scala:413)
	at scala.collection.immutable.List.foreach(List.scala:305)
	at org.scalatest.SuperEngine.traverseSubNodes$1(Engine.scala:401)
	at org.scalatest.SuperEngine.runTestsInBranch(Engine.scala:390)
	at org.scalatest.SuperEngine.$anonfun$runTestsInBranch$1(Engine.scala:427)
	at scala.collection.immutable.List.foreach(List.scala:305)
	at org.scalatest.SuperEngine.traverseSubNodes$1(Engine.scala:401)
	at org.scalatest.SuperEngine.runTestsInBranch(Engine.scala:396)
	at org.scalatest.SuperEngine.runTestsImpl(Engine.scala:475)
	at org.scalatest.flatspec.AnyFlatSpecLike.runTests(AnyFlatSpecLike.scala:1751)
	at org.scalatest.flatspec.AnyFlatSpecLike.runTests$(AnyFlatSpecLike.scala:1750)
	at org.scalatest.flatspec.AnyFlatSpec.runTests(AnyFlatSpec.scala:1685)
	at org.scalatest.Suite.run(Suite.scala:1112)
	at org.scalatest.Suite.run$(Suite.scala:1094)
	at org.scalatest.flatspec.AnyFlatSpec.org$scalatest$flatspec$AnyFlatSpecLike$$super$run(AnyFlatSpec.scala:1685)
	at org.scalatest.flatspec.AnyFlatSpecLike.$anonfun$run$1(AnyFlatSpecLike.scala:1796)
	at org.scalatest.SuperEngine.runImpl(Engine.scala:535)
	at org.scalatest.flatspec.AnyFlatSpecLike.run(AnyFlatSpecLike.scala:1796)
	at org.scalatest.flatspec.AnyFlatSpecLike.run$(AnyFlatSpecLike.scala:1794)
	at org.scalatest.flatspec.AnyFlatSpec.run(AnyFlatSpec.scala:1685)
	at org.scalatest.tools.Framework.org$scalatest$tools$Framework$$runSuite(Framework.scala:318)
	at org.scalatest.tools.Framework$ScalaTestTask.execute(Framework.scala:513)
	at sbt.TestRunner.runTest$1(TestFramework.scala:139)
	at sbt.TestRunner.run(TestFramework.scala:154)
	at sbt.TestFramework$$anon$3$$anonfun$$lessinit$greater$1.$anonfun$apply$1(TestFramework.scala:317)
	at sbt.TestFramework$.sbt$TestFramework$$withContextLoader(TestFramework.scala:277)
	at sbt.TestFramework$$anon$3$$anonfun$$lessinit$greater$1.apply(TestFramework.scala:317)
	at sbt.TestFramework$$anon$3$$anonfun$$lessinit$greater$1.apply(TestFramework.scala:317)
	at sbt.TestFunction.apply(TestFramework.scala:329)
	at sbt.Tests$.$anonfun$toTask$1(Tests.scala:311)
	at sbt.std.Transform$$anon$3.$anonfun$apply$2(Transform.scala:46)
	at sbt.std.Transform$$anon$4.work(Transform.scala:67)
	at sbt.Execute.$anonfun$submit$2(Execute.scala:281)
	at sbt.internal.util.ErrorHandling$.wideConvert(ErrorHandling.scala:19)
	at sbt.Execute.work(Execute.scala:290)
	at sbt.Execute.$anonfun$submit$1(Execute.scala:281)
	at sbt.ConcurrentRestrictions$$anon$4.$anonfun$submitValid$1(ConcurrentRestrictions.scala:178)
	at sbt.CompletionService$$anon$2.call(CompletionService.scala:37)
	at java.base/java.util.concurrent.FutureTask.run(FutureTask.java:264)
	at java.base/java.util.concurrent.Executors$RunnableAdapter.call(Executors.java:515)
	at java.base/java.util.concurrent.FutureTask.run(FutureTask.java:264)
	at java.base/java.util.concurrent.ThreadPoolExecutor.runWorker(ThreadPoolExecutor.java:1128)
	at java.base/java.util.concurrent.ThreadPoolExecutor$Worker.run(ThreadPoolExecutor.java:628)
	at java.base/java.lang.Thread.run(Thread.java:830)
</failure>
                                               </testcase>
                     <system-out><![CDATA[]]></system-out>
                     <system-err><![CDATA[]]></system-err>
                   </testsuite>