<?xml version='1.0' encoding='UTF-8'?>
<testsuite hostname="DESKTOP-6BGT00P" name="index.SingleThreadSpec" tests="1" errors="0" failures="0" skipped="0" time="1.149" timestamp="2020-02-11T18:06:07">
                     <properties>
[...]
</properties>
                     <testcase classname="index.SingleThreadSpec" name="index data must be equal to list data" time="1.149">
                                                 
                                               </testcase>
                     <system-out><![CDATA[]]></system-out>
                     <system-err><![CDATA[]]></system-err>
                   </testsuite>